<?xml version="1.0" encoding="UTF-8"?>
<testsuite xmlns:xsi="http://www.w3.org/2001/XMLSchema-instance" xsi:noNamespaceSchemaLocation="https://maven.apache.org/surefire/maven-surefire-plugin/xsd/surefire-test-report-3.0.xsd" version="3.0" name="com.example.workflowManagement.WorkflowManagementApplicationTests" time="2.529" tests="1" errors="0" skipped="0" failures="0">
  <properties>
    <property name="java.specification.version" value="22"/>
    <property name="sun.jnu.encoding" value="UTF-8"/>
    <property name="java.class.path" value="/home/anuj/Downloads/learning_projects/workflow/Backend/target/test-classes:/home/anuj/Downloads/learning_projects/workflow/Backend/target/classes:/home/anuj/.m2/repository/org/springframework/boot/spring-boot-starter-web/3.3.2/spring-boot-starter-web-3.3.2.jar:/home/anuj/.m2/repository/org/springframework/boot/spring-boot-starter/3.3.2/spring-boot-starter-3.3.2.jar:/home/anuj/.m2/repository/org/springframework/boot/spring-boot/3.3.2/spring-boot-3.3.2.jar:/home/anuj/.m2/repository/org/springframework/boot/spring-boot-autoconfigure/3.3.2/spring-boot-autoconfigure-3.3.2.jar:/home/anuj/.m2/repository/org/springframework/boot/spring-boot-starter-logging/3.3.2/spring-boot-starter-logging-3.3.2.jar:/home/anuj/.m2/repository/ch/qos/logback/logback-classic/1.5.6/logback-classic-1.5.6.jar:/home/anuj/.m2/repository/ch/qos/logback/logback-core/1.5.6/logback-core-1.5.6.jar:/home/anuj/.m2/repository/org/apache/logging/log4j/log4j-to-slf4j/2.23.1/log4j-to-slf4j-2.23.1.jar:/home/anuj/.m2/repository/org/apache/logging/log4j/log4j-api/2.23.1/log4j-api-2.23.1.jar:/home/anuj/.m2/repository/org/slf4j/jul-to-slf4j/2.0.13/jul-to-slf4j-2.0.13.jar:/home/anuj/.m2/repository/jakarta/annotation/jakarta.annotation-api/2.1.1/jakarta.annotation-api-2.1.1.jar:/home/anuj/.m2/repository/org/yaml/snakeyaml/2.2/snakeyaml-2.2.jar:/home/anuj/.m2/repository/org/springframework/boot/spring-boot-starter-json/3.3.2/spring-boot-starter-json-3.3.2.jar:/home/anuj/.m2/repository/com/fasterxml/jackson/datatype/jackson-datatype-jdk8/2.17.2/jackson-datatype-jdk8-2.17.2.jar:/home/anuj/.m2/repository/com/fasterxml/jackson/datatype/jackson-datatype-jsr310/2.17.2/jackson-datatype-jsr310-2.17.2.jar:/home/anuj/.m2/repository/com/fasterxml/jackson/module/jackson-module-parameter-names/2.17.2/jackson-module-parameter-names-2.17.2.jar:/home/anuj/.m2/repository/org/springframework/boot/spring-boot-starter-tomcat/3.3.2/spring-boot-starter-tomcat-3.3.2.jar:/home/anuj/.m2/repository/org/apache/tomcat/embed/tomcat-embed-core/10.1.26/tomcat-embed-core-10.1.26.jar:/home/anuj/.m2/repository/org/apache/tomcat/embed/tomcat-embed-el/10.1.26/tomcat-embed-el-10.1.26.jar:/home/anuj/.m2/repository/org/apache/tomcat/embed/tomcat-embed-websocket/10.1.26/tomcat-embed-websocket-10.1.26.jar:/home/anuj/.m2/repository/org/springframework/spring-web/6.1.11/spring-web-6.1.11.jar:/home/anuj/.m2/repository/org/springframework/spring-beans/6.1.11/spring-beans-6.1.11.jar:/home/anuj/.m2/repository/io/micrometer/micrometer-observation/1.13.2/micrometer-observation-1.13.2.jar:/home/anuj/.m2/repository/io/micrometer/micrometer-commons/1.13.2/micrometer-commons-1.13.2.jar:/home/anuj/.m2/repository/org/springframework/spring-webmvc/6.1.11/spring-webmvc-6.1.11.jar:/home/anuj/.m2/repository/org/springframework/spring-aop/6.1.11/spring-aop-6.1.11.jar:/home/anuj/.m2/repository/org/springframework/spring-context/6.1.11/spring-context-6.1.11.jar:/home/anuj/.m2/repository/org/springframework/spring-expression/6.1.11/spring-expression-6.1.11.jar:/home/anuj/.m2/repository/com/fasterxml/jackson/core/jackson-databind/2.17.2/jackson-databind-2.17.2.jar:/home/anuj/.m2/repository/com/fasterxml/jackson/core/jackson-annotations/2.17.2/jackson-annotations-2.17.2.jar:/home/anuj/.m2/repository/com/fasterxml/jackson/core/jackson-core/2.17.2/jackson-core-2.17.2.jar:/home/anuj/.m2/repository/org/springframework/boot/spring-boot-starter-data-mongodb/3.3.2/spring-boot-starter-data-mongodb-3.3.2.jar:/home/anuj/.m2/repository/org/mongodb/mongodb-driver-sync/5.0.1/mongodb-driver-sync-5.0.1.jar:/home/anuj/.m2/repository/org/mongodb/bson/5.0.1/bson-5.0.1.jar:/home/anuj/.m2/repository/org/mongodb/mongodb-driver-core/5.0.1/mongodb-driver-core-5.0.1.jar:/home/anuj/.m2/repository/org/mongodb/bson-record-codec/5.0.1/bson-record-codec-5.0.1.jar:/home/anuj/.m2/repository/org/springframework/data/spring-data-mongodb/4.3.2/spring-data-mongodb-4.3.2.jar:/home/anuj/.m2/repository/org/springframework/spring-tx/6.1.11/spring-tx-6.1.11.jar:/home/anuj/.m2/repository/org/springframework/data/spring-data-commons/3.3.2/spring-data-commons-3.3.2.jar:/home/anuj/.m2/repository/org/slf4j/slf4j-api/2.0.13/slf4j-api-2.0.13.jar:/home/anuj/.m2/repository/org/springframework/boot/spring-boot-starter-data-rest/3.3.2/spring-boot-starter-data-rest-3.3.2.jar:/home/anuj/.m2/repository/org/springframework/data/spring-data-rest-webmvc/4.3.2/spring-data-rest-webmvc-4.3.2.jar:/home/anuj/.m2/repository/org/springframework/data/spring-data-rest-core/4.3.2/spring-data-rest-core-4.3.2.jar:/home/anuj/.m2/repository/org/springframework/hateoas/spring-hateoas/2.3.1/spring-hateoas-2.3.1.jar:/home/anuj/.m2/repository/org/springframework/plugin/spring-plugin-core/3.0.0/spring-plugin-core-3.0.0.jar:/home/anuj/.m2/repository/org/atteo/evo-inflector/1.3/evo-inflector-1.3.jar:/home/anuj/.m2/repository/org/springframework/boot/spring-boot-starter-test/3.3.2/spring-boot-starter-test-3.3.2.jar:/home/anuj/.m2/repository/org/springframework/boot/spring-boot-test/3.3.2/spring-boot-test-3.3.2.jar:/home/anuj/.m2/repository/org/springframework/boot/spring-boot-test-autoconfigure/3.3.2/spring-boot-test-autoconfigure-3.3.2.jar:/home/anuj/.m2/repository/com/jayway/jsonpath/json-path/2.9.0/json-path-2.9.0.jar:/home/anuj/.m2/repository/jakarta/xml/bind/jakarta.xml.bind-api/4.0.2/jakarta.xml.bind-api-4.0.2.jar:/home/anuj/.m2/repository/jakarta/activation/jakarta.activation-api/2.1.3/jakarta.activation-api-2.1.3.jar:/home/anuj/.m2/repository/net/minidev/json-smart/2.5.1/json-smart-2.5.1.jar:/home/anuj/.m2/repository/net/minidev/accessors-smart/2.5.1/accessors-smart-2.5.1.jar:/home/anuj/.m2/repository/org/ow2/asm/asm/9.6/asm-9.6.jar:/home/anuj/.m2/repository/org/assertj/assertj-core/3.25.3/assertj-core-3.25.3.jar:/home/anuj/.m2/repository/net/bytebuddy/byte-buddy/1.14.18/byte-buddy-1.14.18.jar:/home/anuj/.m2/repository/org/awaitility/awaitility/4.2.1/awaitility-4.2.1.jar:/home/anuj/.m2/repository/org/hamcrest/hamcrest/2.2/hamcrest-2.2.jar:/home/anuj/.m2/repository/org/junit/jupiter/junit-jupiter/5.10.3/junit-jupiter-5.10.3.jar:/home/anuj/.m2/repository/org/junit/jupiter/junit-jupiter-api/5.10.3/junit-jupiter-api-5.10.3.jar:/home/anuj/.m2/repository/org/opentest4j/opentest4j/1.3.0/opentest4j-1.3.0.jar:/home/anuj/.m2/repository/org/junit/platform/junit-platform-commons/1.10.3/junit-platform-commons-1.10.3.jar:/home/anuj/.m2/repository/org/apiguardian/apiguardian-api/1.1.2/apiguardian-api-1.1.2.jar:/home/anuj/.m2/repository/org/junit/jupiter/junit-jupiter-params/5.10.3/junit-jupiter-params-5.10.3.jar:/home/anuj/.m2/repository/org/junit/jupiter/junit-jupiter-engine/5.10.3/junit-jupiter-engine-5.10.3.jar:/home/anuj/.m2/repository/org/junit/platform/junit-platform-engine/1.10.3/junit-platform-engine-1.10.3.jar:/home/anuj/.m2/repository/org/mockito/mockito-core/5.11.0/mockito-core-5.11.0.jar:/home/anuj/.m2/repository/net/bytebuddy/byte-buddy-agent/1.14.18/byte-buddy-agent-1.14.18.jar:/home/anuj/.m2/repository/org/objenesis/objenesis/3.3/objenesis-3.3.jar:/home/anuj/.m2/repository/org/mockito/mockito-junit-jupiter/5.11.0/mockito-junit-jupiter-5.11.0.jar:/home/anuj/.m2/repository/org/skyscreamer/jsonassert/1.5.3/jsonassert-1.5.3.jar:/home/anuj/.m2/repository/com/vaadin/external/google/android-json/0.0.20131108.vaadin1/android-json-0.0.20131108.vaadin1.jar:/home/anuj/.m2/repository/org/springframework/spring-core/6.1.11/spring-core-6.1.11.jar:/home/anuj/.m2/repository/org/springframework/spring-jcl/6.1.11/spring-jcl-6.1.11.jar:/home/anuj/.m2/repository/org/springframework/spring-test/6.1.11/spring-test-6.1.11.jar:/home/anuj/.m2/repository/org/xmlunit/xmlunit-core/2.9.1/xmlunit-core-2.9.1.jar:"/>
    <property name="java.vm.vendor" value="Oracle Corporation"/>
    <property name="sun.arch.data.model" value="64"/>
    <property name="java.vendor.url" value="https://java.oracle.com/"/>
    <property name="user.timezone" value="Asia/Kolkata"/>
    <property name="os.name" value="Linux"/>
    <property name="java.vm.specification.version" value="22"/>
    <property name="sun.java.launcher" value="SUN_STANDARD"/>
    <property name="user.country" value="IN"/>
    <property name="sun.boot.library.path" value="/home/anuj/.jdks/openjdk-22.0.2/lib"/>
    <property name="sun.java.command" value="/home/anuj/Downloads/learning_projects/workflow/Backend/target/surefire/surefirebooter-20240729130639620_3.jar /home/anuj/Downloads/learning_projects/workflow/Backend/target/surefire 2024-07-29T13-06-39_549-jvmRun1 surefire-20240729130639620_1tmp surefire_0-20240729130639620_2tmp"/>
    <property name="jdk.debug" value="release"/>
    <property name="surefire.test.class.path" value="/home/anuj/Downloads/learning_projects/workflow/Backend/target/test-classes:/home/anuj/Downloads/learning_projects/workflow/Backend/target/classes:/home/anuj/.m2/repository/org/springframework/boot/spring-boot-starter-web/3.3.2/spring-boot-starter-web-3.3.2.jar:/home/anuj/.m2/repository/org/springframework/boot/spring-boot-starter/3.3.2/spring-boot-starter-3.3.2.jar:/home/anuj/.m2/repository/org/springframework/boot/spring-boot/3.3.2/spring-boot-3.3.2.jar:/home/anuj/.m2/repository/org/springframework/boot/spring-boot-autoconfigure/3.3.2/spring-boot-autoconfigure-3.3.2.jar:/home/anuj/.m2/repository/org/springframework/boot/spring-boot-starter-logging/3.3.2/spring-boot-starter-logging-3.3.2.jar:/home/anuj/.m2/repository/ch/qos/logback/logback-classic/1.5.6/logback-classic-1.5.6.jar:/home/anuj/.m2/repository/ch/qos/logback/logback-core/1.5.6/logback-core-1.5.6.jar:/home/anuj/.m2/repository/org/apache/logging/log4j/log4j-to-slf4j/2.23.1/log4j-to-slf4j-2.23.1.jar:/home/anuj/.m2/repository/org/apache/logging/log4j/log4j-api/2.23.1/log4j-api-2.23.1.jar:/home/anuj/.m2/repository/org/slf4j/jul-to-slf4j/2.0.13/jul-to-slf4j-2.0.13.jar:/home/anuj/.m2/repository/jakarta/annotation/jakarta.annotation-api/2.1.1/jakarta.annotation-api-2.1.1.jar:/home/anuj/.m2/repository/org/yaml/snakeyaml/2.2/snakeyaml-2.2.jar:/home/anuj/.m2/repository/org/springframework/boot/spring-boot-starter-json/3.3.2/spring-boot-starter-json-3.3.2.jar:/home/anuj/.m2/repository/com/fasterxml/jackson/datatype/jackson-datatype-jdk8/2.17.2/jackson-datatype-jdk8-2.17.2.jar:/home/anuj/.m2/repository/com/fasterxml/jackson/datatype/jackson-datatype-jsr310/2.17.2/jackson-datatype-jsr310-2.17.2.jar:/home/anuj/.m2/repository/com/fasterxml/jackson/module/jackson-module-parameter-names/2.17.2/jackson-module-parameter-names-2.17.2.jar:/home/anuj/.m2/repository/org/springframework/boot/spring-boot-starter-tomcat/3.3.2/spring-boot-starter-tomcat-3.3.2.jar:/home/anuj/.m2/repository/org/apache/tomcat/embed/tomcat-embed-core/10.1.26/tomcat-embed-core-10.1.26.jar:/home/anuj/.m2/repository/org/apache/tomcat/embed/tomcat-embed-el/10.1.26/tomcat-embed-el-10.1.26.jar:/home/anuj/.m2/repository/org/apache/tomcat/embed/tomcat-embed-websocket/10.1.26/tomcat-embed-websocket-10.1.26.jar:/home/anuj/.m2/repository/org/springframework/spring-web/6.1.11/spring-web-6.1.11.jar:/home/anuj/.m2/repository/org/springframework/spring-beans/6.1.11/spring-beans-6.1.11.jar:/home/anuj/.m2/repository/io/micrometer/micrometer-observation/1.13.2/micrometer-observation-1.13.2.jar:/home/anuj/.m2/repository/io/micrometer/micrometer-commons/1.13.2/micrometer-commons-1.13.2.jar:/home/anuj/.m2/repository/org/springframework/spring-webmvc/6.1.11/spring-webmvc-6.1.11.jar:/home/anuj/.m2/repository/org/springframework/spring-aop/6.1.11/spring-aop-6.1.11.jar:/home/anuj/.m2/repository/org/springframework/spring-context/6.1.11/spring-context-6.1.11.jar:/home/anuj/.m2/repository/org/springframework/spring-expression/6.1.11/spring-expression-6.1.11.jar:/home/anuj/.m2/repository/com/fasterxml/jackson/core/jackson-databind/2.17.2/jackson-databind-2.17.2.jar:/home/anuj/.m2/repository/com/fasterxml/jackson/core/jackson-annotations/2.17.2/jackson-annotations-2.17.2.jar:/home/anuj/.m2/repository/com/fasterxml/jackson/core/jackson-core/2.17.2/jackson-core-2.17.2.jar:/home/anuj/.m2/repository/org/springframework/boot/spring-boot-starter-data-mongodb/3.3.2/spring-boot-starter-data-mongodb-3.3.2.jar:/home/anuj/.m2/repository/org/mongodb/mongodb-driver-sync/5.0.1/mongodb-driver-sync-5.0.1.jar:/home/anuj/.m2/repository/org/mongodb/bson/5.0.1/bson-5.0.1.jar:/home/anuj/.m2/repository/org/mongodb/mongodb-driver-core/5.0.1/mongodb-driver-core-5.0.1.jar:/home/anuj/.m2/repository/org/mongodb/bson-record-codec/5.0.1/bson-record-codec-5.0.1.jar:/home/anuj/.m2/repository/org/springframework/data/spring-data-mongodb/4.3.2/spring-data-mongodb-4.3.2.jar:/home/anuj/.m2/repository/org/springframework/spring-tx/6.1.11/spring-tx-6.1.11.jar:/home/anuj/.m2/repository/org/springframework/data/spring-data-commons/3.3.2/spring-data-commons-3.3.2.jar:/home/anuj/.m2/repository/org/slf4j/slf4j-api/2.0.13/slf4j-api-2.0.13.jar:/home/anuj/.m2/repository/org/springframework/boot/spring-boot-starter-data-rest/3.3.2/spring-boot-starter-data-rest-3.3.2.jar:/home/anuj/.m2/repository/org/springframework/data/spring-data-rest-webmvc/4.3.2/spring-data-rest-webmvc-4.3.2.jar:/home/anuj/.m2/repository/org/springframework/data/spring-data-rest-core/4.3.2/spring-data-rest-core-4.3.2.jar:/home/anuj/.m2/repository/org/springframework/hateoas/spring-hateoas/2.3.1/spring-hateoas-2.3.1.jar:/home/anuj/.m2/repository/org/springframework/plugin/spring-plugin-core/3.0.0/spring-plugin-core-3.0.0.jar:/home/anuj/.m2/repository/org/atteo/evo-inflector/1.3/evo-inflector-1.3.jar:/home/anuj/.m2/repository/org/springframework/boot/spring-boot-starter-test/3.3.2/spring-boot-starter-test-3.3.2.jar:/home/anuj/.m2/repository/org/springframework/boot/spring-boot-test/3.3.2/spring-boot-test-3.3.2.jar:/home/anuj/.m2/repository/org/springframework/boot/spring-boot-test-autoconfigure/3.3.2/spring-boot-test-autoconfigure-3.3.2.jar:/home/anuj/.m2/repository/com/jayway/jsonpath/json-path/2.9.0/json-path-2.9.0.jar:/home/anuj/.m2/repository/jakarta/xml/bind/jakarta.xml.bind-api/4.0.2/jakarta.xml.bind-api-4.0.2.jar:/home/anuj/.m2/repository/jakarta/activation/jakarta.activation-api/2.1.3/jakarta.activation-api-2.1.3.jar:/home/anuj/.m2/repository/net/minidev/json-smart/2.5.1/json-smart-2.5.1.jar:/home/anuj/.m2/repository/net/minidev/accessors-smart/2.5.1/accessors-smart-2.5.1.jar:/home/anuj/.m2/repository/org/ow2/asm/asm/9.6/asm-9.6.jar:/home/anuj/.m2/repository/org/assertj/assertj-core/3.25.3/assertj-core-3.25.3.jar:/home/anuj/.m2/repository/net/bytebuddy/byte-buddy/1.14.18/byte-buddy-1.14.18.jar:/home/anuj/.m2/repository/org/awaitility/awaitility/4.2.1/awaitility-4.2.1.jar:/home/anuj/.m2/repository/org/hamcrest/hamcrest/2.2/hamcrest-2.2.jar:/home/anuj/.m2/repository/org/junit/jupiter/junit-jupiter/5.10.3/junit-jupiter-5.10.3.jar:/home/anuj/.m2/repository/org/junit/jupiter/junit-jupiter-api/5.10.3/junit-jupiter-api-5.10.3.jar:/home/anuj/.m2/repository/org/opentest4j/opentest4j/1.3.0/opentest4j-1.3.0.jar:/home/anuj/.m2/repository/org/junit/platform/junit-platform-commons/1.10.3/junit-platform-commons-1.10.3.jar:/home/anuj/.m2/repository/org/apiguardian/apiguardian-api/1.1.2/apiguardian-api-1.1.2.jar:/home/anuj/.m2/repository/org/junit/jupiter/junit-jupiter-params/5.10.3/junit-jupiter-params-5.10.3.jar:/home/anuj/.m2/repository/org/junit/jupiter/junit-jupiter-engine/5.10.3/junit-jupiter-engine-5.10.3.jar:/home/anuj/.m2/repository/org/junit/platform/junit-platform-engine/1.10.3/junit-platform-engine-1.10.3.jar:/home/anuj/.m2/repository/org/mockito/mockito-core/5.11.0/mockito-core-5.11.0.jar:/home/anuj/.m2/repository/net/bytebuddy/byte-buddy-agent/1.14.18/byte-buddy-agent-1.14.18.jar:/home/anuj/.m2/repository/org/objenesis/objenesis/3.3/objenesis-3.3.jar:/home/anuj/.m2/repository/org/mockito/mockito-junit-jupiter/5.11.0/mockito-junit-jupiter-5.11.0.jar:/home/anuj/.m2/repository/org/skyscreamer/jsonassert/1.5.3/jsonassert-1.5.3.jar:/home/anuj/.m2/repository/com/vaadin/external/google/android-json/0.0.20131108.vaadin1/android-json-0.0.20131108.vaadin1.jar:/home/anuj/.m2/repository/org/springframework/spring-core/6.1.11/spring-core-6.1.11.jar:/home/anuj/.m2/repository/org/springframework/spring-jcl/6.1.11/spring-jcl-6.1.11.jar:/home/anuj/.m2/repository/org/springframework/spring-test/6.1.11/spring-test-6.1.11.jar:/home/anuj/.m2/repository/org/xmlunit/xmlunit-core/2.9.1/xmlunit-core-2.9.1.jar:"/>
    <property name="sun.cpu.endian" value="little"/>
    <property name="user.home" value="/home/anuj"/>
    <property name="user.language" value="en"/>
    <property name="java.specification.vendor" value="Oracle Corporation"/>
    <property name="java.version.date" value="2024-07-16"/>
    <property name="java.home" value="/home/anuj/.jdks/openjdk-22.0.2"/>
    <property name="file.separator" value="/"/>
    <property name="basedir" value="/home/anuj/Downloads/learning_projects/workflow/Backend"/>
    <property name="java.vm.compressedOopsMode" value="Zero based"/>
    <property name="line.separator" value="&#10;"/>
    <property name="java.vm.specification.vendor" value="Oracle Corporation"/>
    <property name="java.specification.name" value="Java Platform API Specification"/>
    <property name="FILE_LOG_CHARSET" value="UTF-8"/>
    <property name="java.awt.headless" value="true"/>
    <property name="surefire.real.class.path" value="/home/anuj/Downloads/learning_projects/workflow/Backend/target/surefire/surefirebooter-20240729130639620_3.jar"/>
    <property name="sun.management.compiler" value="HotSpot 64-Bit Tiered Compilers"/>
    <property name="java.runtime.version" value="22.0.2+9-70"/>
    <property name="user.name" value="anuj"/>
    <property name="stdout.encoding" value="UTF-8"/>
    <property name="path.separator" value=":"/>
    <property name="os.version" value="6.5.0-45-generic"/>
    <property name="java.runtime.name" value="OpenJDK Runtime Environment"/>
    <property name="file.encoding" value="UTF-8"/>
    <property name="java.vm.name" value="OpenJDK 64-Bit Server VM"/>
    <property name="localRepository" value="/home/anuj/.m2/repository"/>
    <property name="java.vendor.url.bug" value="https://bugreport.java.com/bugreport/"/>
    <property name="java.io.tmpdir" value="/tmp"/>
    <property name="idea.version" value="2024.1.4"/>
    <property name="java.version" value="22.0.2"/>
    <property name="user.dir" value="/home/anuj/Downloads/learning_projects/workflow/Backend"/>
    <property name="os.arch" value="amd64"/>
    <property name="java.vm.specification.name" value="Java Virtual Machine Specification"/>
    <property name="PID" value="16761"/>
    <property name="CONSOLE_LOG_CHARSET" value="UTF-8"/>
    <property name="native.encoding" value="UTF-8"/>
    <property name="java.library.path" value="/usr/java/packages/lib:/usr/lib64:/lib64:/lib:/usr/lib"/>
    <property name="java.vm.info" value="mixed mode, sharing"/>
    <property name="stderr.encoding" value="UTF-8"/>
    <property name="java.vendor" value="Oracle Corporation"/>
    <property name="java.vm.version" value="22.0.2+9-70"/>
    <property name="sun.io.unicode.encoding" value="UnicodeLittle"/>
    <property name="java.class.version" value="66.0"/>
    <property name="LOGGED_APPLICATION_NAME" value="[workflowManagement] "/>
  </properties>
  <testcase name="contextLoads" classname="com.example.workflowManagement.WorkflowManagementApplicationTests" time="0.58">
    <system-out><![CDATA[13:06:40.049 [main] INFO org.springframework.test.context.support.AnnotationConfigContextLoaderUtils -- Could not detect default configuration classes for test class [com.example.workflowManagement.WorkflowManagementApplicationTests]: WorkflowManagementApplicationTests does not declare any static, non-private, non-final, nested classes annotated with @Configuration.
13:06:40.100 [main] INFO org.springframework.boot.test.context.SpringBootTestContextBootstrapper -- Found @SpringBootConfiguration com.example.workflowManagement.WorkflowManagementApplication for test class com.example.workflowManagement.WorkflowManagementApplicationTests

  .   ____          _            __ _ _
 /\\ / ___'_ __ _ _(_)_ __  __ _ \ \ \ \
( ( )\___ | '_ | '_| | '_ \/ _` | \ \ \ \
 \\/  ___)| |_)| | | | | || (_| |  ) ) ) )
  '  |____| .__|_| |_|_| |_\__, | / / / /
 =========|_|==============|___/=/_/_/_/

 :: Spring Boot ::                (v3.3.2)

2024-07-29T13:06:40.375+05:30  INFO 16761 --- [workflowManagement] [           main] c.e.w.WorkflowManagementApplicationTests : Starting WorkflowManagementApplicationTests using Java 22.0.2 with PID 16761 (started by anuj in /home/anuj/Downloads/learning_projects/workflow/Backend)
2024-07-29T13:06:40.376+05:30  INFO 16761 --- [workflowManagement] [           main] c.e.w.WorkflowManagementApplicationTests : No active profile set, falling back to 1 default profile: "default"
2024-07-29T13:06:40.708+05:30  INFO 16761 --- [workflowManagement] [           main] .s.d.r.c.RepositoryConfigurationDelegate : Bootstrapping Spring Data MongoDB repositories in DEFAULT mode.
2024-07-29T13:06:40.742+05:30  INFO 16761 --- [workflowManagement] [           main] .s.d.r.c.RepositoryConfigurationDelegate : Finished Spring Data repository scanning in 31 ms. Found 3 MongoDB repository interfaces.
2024-07-29T13:06:41.163+05:30  INFO 16761 --- [workflowManagement] [           main] org.mongodb.driver.client                : MongoClient with metadata {"application": {"name": "Cluster0"}, "driver": {"name": "mongo-java-driver|sync|spring-boot", "version": "5.0.1"}, "os": {"type": "Linux", "name": "Linux", "architecture": "amd64", "version": "6.5.0-45-generic"}, "platform": "Java/Oracle Corporation/22.0.2+9-70"} created with settings MongoClientSettings{readPreference=primary, writeConcern=WriteConcern{w=majority, wTimeout=null ms, journal=null}, retryWrites=true, retryReads=true, readConcern=ReadConcern{level=null}, credential=MongoCredential{mechanism=null, userName='kasyapaastha', source='admin', password=<hidden>, mechanismProperties=<hidden>}, transportSettings=null, commandListeners=[], codecRegistry=ProvidersCodecRegistry{codecProviders=[ValueCodecProvider{}, BsonValueCodecProvider{}, DBRefCodecProvider{}, DBObjectCodecProvider{}, DocumentCodecProvider{}, CollectionCodecProvider{}, IterableCodecProvider{}, MapCodecProvider{}, GeoJsonCodecProvider{}, GridFSFileCodecProvider{}, Jsr310CodecProvider{}, JsonObjectCodecProvider{}, BsonCodecProvider{}, EnumCodecProvider{}, com.mongodb.client.model.mql.ExpressionCodecProvider@6baf25d7, com.mongodb.Jep395RecordCodecProvider@57a6a933, com.mongodb.KotlinCodecProvider@5b5b59]}, loggerSettings=LoggerSettings{maxDocumentLength=1000}, clusterSettings={hosts=[127.0.0.1:27017], srvHost=cluster0.hudunkj.mongodb.net, srvServiceName=mongodb, mode=MULTIPLE, requiredClusterType=REPLICA_SET, requiredReplicaSetName='atlas-13syu1-shard-0', serverSelector='null', clusterListeners='[]', serverSelectionTimeout='30000 ms', localThreshold='15 ms'}, socketSettings=SocketSettings{connectTimeoutMS=10000, readTimeoutMS=0, receiveBufferSize=0, proxySettings=ProxySettings{host=null, port=null, username=null, password=null}}, heartbeatSocketSettings=SocketSettings{connectTimeoutMS=10000, readTimeoutMS=10000, receiveBufferSize=0, proxySettings=ProxySettings{host=null, port=null, username=null, password=null}}, connectionPoolSettings=ConnectionPoolSettings{maxSize=100, minSize=0, maxWaitTimeMS=120000, maxConnectionLifeTimeMS=0, maxConnectionIdleTimeMS=0, maintenanceInitialDelayMS=0, maintenanceFrequencyMS=60000, connectionPoolListeners=[], maxConnecting=2}, serverSettings=ServerSettings{heartbeatFrequencyMS=10000, minHeartbeatFrequencyMS=500, serverListeners='[]', serverMonitorListeners='[]'}, sslSettings=SslSettings{enabled=true, invalidHostNameAllowed=false, context=null}, applicationName='Cluster0', compressorList=[], uuidRepresentation=JAVA_LEGACY, serverApi=null, autoEncryptionSettings=null, dnsClient=null, inetAddressResolver=null, contextProvider=null}
2024-07-29T13:06:41.242+05:30  INFO 16761 --- [workflowManagement] [nkj.mongodb.net] org.mongodb.driver.cluster               : Adding discovered server ac-hcgwwvf-shard-00-02.hudunkj.mongodb.net:27017 to client view of cluster
2024-07-29T13:06:41.256+05:30  INFO 16761 --- [workflowManagement] [nkj.mongodb.net] org.mongodb.driver.cluster               : Adding discovered server ac-hcgwwvf-shard-00-00.hudunkj.mongodb.net:27017 to client view of cluster
2024-07-29T13:06:41.259+05:30  INFO 16761 --- [workflowManagement] [nkj.mongodb.net] org.mongodb.driver.cluster               : Adding discovered server ac-hcgwwvf-shard-00-01.hudunkj.mongodb.net:27017 to client view of cluster
2024-07-29T13:06:41.820+05:30  INFO 16761 --- [workflowManagement] [ngodb.net:27017] org.mongodb.driver.cluster               : Monitor thread successfully connected to server with description ServerDescription{address=ac-hcgwwvf-shard-00-01.hudunkj.mongodb.net:27017, type=REPLICA_SET_SECONDARY, state=CONNECTED, ok=true, minWireVersion=0, maxWireVersion=21, maxDocumentSize=16777216, logicalSessionTimeoutMinutes=30, roundTripTimeNanos=292166618, setName='atlas-13syu1-shard-0', canonicalAddress=ac-hcgwwvf-shard-00-01.hudunkj.mongodb.net:27017, hosts=[ac-hcgwwvf-shard-00-01.hudunkj.mongodb.net:27017, ac-hcgwwvf-shard-00-02.hudunkj.mongodb.net:27017, ac-hcgwwvf-shard-00-00.hudunkj.mongodb.net:27017], passives=[], arbiters=[], primary='ac-hcgwwvf-shard-00-02.hudunkj.mongodb.net:27017', tagSet=TagSet{[Tag{name='availabilityZone', value='aps1-az3'}, Tag{name='diskState', value='READY'}, Tag{name='nodeType', value='ELECTABLE'}, Tag{name='provider', value='AWS'}, Tag{name='region', value='AP_SOUTH_1'}, Tag{name='workloadType', value='OPERATIONAL'}]}, electionId=null, setVersion=28, topologyVersion=TopologyVersion{processId=66a401a2126dc323e3cd4619, counter=3}, lastWriteDate=Mon Jul 29 13:06:41 IST 2024, lastUpdateTimeNanos=18908728893749}
2024-07-29T13:06:41.820+05:30  INFO 16761 --- [workflowManagement] [ngodb.net:27017] org.mongodb.driver.cluster               : Monitor thread successfully connected to server with description ServerDescription{address=ac-hcgwwvf-shard-00-00.hudunkj.mongodb.net:27017, type=REPLICA_SET_SECONDARY, state=CONNECTED, ok=true, minWireVersion=0, maxWireVersion=21, maxDocumentSize=16777216, logicalSessionTimeoutMinutes=30, roundTripTimeNanos=308942268, setName='atlas-13syu1-shard-0', canonicalAddress=ac-hcgwwvf-shard-00-00.hudunkj.mongodb.net:27017, hosts=[ac-hcgwwvf-shard-00-01.hudunkj.mongodb.net:27017, ac-hcgwwvf-shard-00-02.hudunkj.mongodb.net:27017, ac-hcgwwvf-shard-00-00.hudunkj.mongodb.net:27017], passives=[], arbiters=[], primary='ac-hcgwwvf-shard-00-02.hudunkj.mongodb.net:27017', tagSet=TagSet{[Tag{name='availabilityZone', value='aps1-az1'}, Tag{name='diskState', value='READY'}, Tag{name='nodeType', value='ELECTABLE'}, Tag{name='provider', value='AWS'}, Tag{name='region', value='AP_SOUTH_1'}, Tag{name='workloadType', value='OPERATIONAL'}]}, electionId=null, setVersion=28, topologyVersion=TopologyVersion{processId=66a400a038c459b7ea906c46, counter=4}, lastWriteDate=Mon Jul 29 13:06:41 IST 2024, lastUpdateTimeNanos=18908728893736}
2024-07-29T13:06:41.876+05:30  INFO 16761 --- [workflowManagement] [ngodb.net:27017] org.mongodb.driver.cluster               : Monitor thread successfully connected to server with description ServerDescription{address=ac-hcgwwvf-shard-00-02.hudunkj.mongodb.net:27017, type=REPLICA_SET_PRIMARY, state=CONNECTED, ok=true, minWireVersion=0, maxWireVersion=21, maxDocumentSize=16777216, logicalSessionTimeoutMinutes=30, roundTripTimeNanos=160780475, setName='atlas-13syu1-shard-0', canonicalAddress=ac-hcgwwvf-shard-00-02.hudunkj.mongodb.net:27017, hosts=[ac-hcgwwvf-shard-00-01.hudunkj.mongodb.net:27017, ac-hcgwwvf-shard-00-02.hudunkj.mongodb.net:27017, ac-hcgwwvf-shard-00-00.hudunkj.mongodb.net:27017], passives=[], arbiters=[], primary='ac-hcgwwvf-shard-00-02.hudunkj.mongodb.net:27017', tagSet=TagSet{[Tag{name='availabilityZone', value='aps1-az2'}, Tag{name='diskState', value='READY'}, Tag{name='nodeType', value='ELECTABLE'}, Tag{name='provider', value='AWS'}, Tag{name='region', value='AP_SOUTH_1'}, Tag{name='workloadType', value='OPERATIONAL'}]}, electionId=7fffffff0000000000000402, setVersion=28, topologyVersion=TopologyVersion{processId=66a3ffcad34a878809ae8156, counter=6}, lastWriteDate=Mon Jul 29 13:06:41 IST 2024, lastUpdateTimeNanos=18908788908712}
2024-07-29T13:06:41.879+05:30  INFO 16761 --- [workflowManagement] [ngodb.net:27017] org.mongodb.driver.cluster               : Discovered replica set primary ac-hcgwwvf-shard-00-02.hudunkj.mongodb.net:27017 with max election id 7fffffff0000000000000402 and max set version 28
2024-07-29T13:06:41.897+05:30  INFO 16761 --- [workflowManagement] [           main] c.e.w.WorkflowManagementApplicationTests : Started WorkflowManagementApplicationTests in 1.73 seconds (process running for 2.242)
]]></system-out>
    <system-err><![CDATA[WARNING: A Java agent has been loaded dynamically (/home/anuj/.m2/repository/net/bytebuddy/byte-buddy-agent/1.14.18/byte-buddy-agent-1.14.18.jar)
WARNING: If a serviceability tool is in use, please run with -XX:+EnableDynamicAgentLoading to hide this warning
WARNING: If a serviceability tool is not in use, please run with -Djdk.instrument.traceUsage for more information
WARNING: Dynamic loading of agents will be disallowed by default in a future release
]]></system-err>
  </testcase>
</testsuite>